   1              		.cpu cortex-m3
   2              		.eabi_attribute 20, 1
   3              		.eabi_attribute 21, 1
   4              		.eabi_attribute 23, 3
   5              		.eabi_attribute 24, 1
   6              		.eabi_attribute 25, 1
   7              		.eabi_attribute 26, 1
   8              		.eabi_attribute 30, 6
   9              		.eabi_attribute 34, 1
  10              		.eabi_attribute 18, 4
  11              		.file	"rtc.c"
  12              		.section	.rodata
  13              		.align	2
  14              	.LC0:
  15 0000 0000     		.short	0
  16 0002 1F00     		.short	31
  17 0004 3B00     		.short	59
  18 0006 5A00     		.short	90
  19 0008 7800     		.short	120
  20 000a 9700     		.short	151
  21 000c B500     		.short	181
  22 000e D400     		.short	212
  23 0010 F300     		.short	243
  24 0012 1101     		.short	273
  25 0014 3001     		.short	304
  26 0016 4E01     		.short	334
  27              		.text
  28              		.align	1
  29              		.global	dt2utime
  30              		.syntax unified
  31              		.thumb
  32              		.thumb_func
  33              		.fpu softvfp
  35              	dt2utime:
  36              		@ args = 0, pretend = 0, frame = 48
  37              		@ frame_needed = 1, uses_anonymous_args = 0
  38              		@ link register save eliminated.
  39 0000 B0B4     		push	{r4, r5, r7}
  40 0002 8DB0     		sub	sp, sp, #52
  41 0004 00AF     		add	r7, sp, #0
  42 0006 7860     		str	r0, [r7, #4]
  43 0008 304B     		ldr	r3, .L8
  44 000a 07F10C04 		add	r4, r7, #12
  45 000e 1D46     		mov	r5, r3
  46 0010 0FCD     		ldmia	r5!, {r0, r1, r2, r3}
  47 0012 0FC4     		stmia	r4!, {r0, r1, r2, r3}
  48 0014 95E80300 		ldm	r5, {r0, r1}
  49 0018 84E80300 		stm	r4, {r0, r1}
  50 001c 7B68     		ldr	r3, [r7, #4]
  51 001e 1B88     		ldrh	r3, [r3]
  52 0020 FB62     		str	r3, [r7, #44]
  53 0022 FB6A     		ldr	r3, [r7, #44]
  54 0024 452B     		cmp	r3, #69
  55 0026 02DC     		bgt	.L2
  56 0028 FB6A     		ldr	r3, [r7, #44]
  57 002a 6433     		adds	r3, r3, #100
  58 002c FB62     		str	r3, [r7, #44]
  59              	.L2:
  60 002e 7B68     		ldr	r3, [r7, #4]
  61 0030 9B78     		ldrb	r3, [r3, #2]	@ zero_extendqisi2
  62 0032 013B     		subs	r3, r3, #1
  63 0034 5B00     		lsls	r3, r3, #1
  64 0036 07F13002 		add	r2, r7, #48
  65 003a 1344     		add	r3, r3, r2
  66 003c 33F8243C 		ldrh	r3, [r3, #-36]
  67 0040 BB62     		str	r3, [r7, #40]
  68 0042 7B68     		ldr	r3, [r7, #4]
  69 0044 1B88     		ldrh	r3, [r3]
  70 0046 03F00303 		and	r3, r3, #3
  71 004a 9BB2     		uxth	r3, r3
  72 004c 002B     		cmp	r3, #0
  73 004e 08D1     		bne	.L3
  74 0050 7B68     		ldr	r3, [r7, #4]
  75 0052 9B78     		ldrb	r3, [r3, #2]	@ zero_extendqisi2
  76 0054 022B     		cmp	r3, #2
  77 0056 02D9     		bls	.L4
  78 0058 BB6A     		ldr	r3, [r7, #40]
  79 005a 0133     		adds	r3, r3, #1
  80 005c 00E0     		b	.L5
  81              	.L4:
  82 005e BB6A     		ldr	r3, [r7, #40]
  83              	.L5:
  84 0060 BB62     		str	r3, [r7, #40]
  85              	.L3:
  86 0062 FB6A     		ldr	r3, [r7, #44]
  87 0064 463B     		subs	r3, r3, #70
  88 0066 40F26D12 		movw	r2, #365
  89 006a 02FB03F2 		mul	r2, r2, r3
  90 006e FB6A     		ldr	r3, [r7, #44]
  91 0070 453B     		subs	r3, r3, #69
  92 0072 002B     		cmp	r3, #0
  93 0074 00DA     		bge	.L6
  94 0076 0333     		adds	r3, r3, #3
  95              	.L6:
  96 0078 9B10     		asrs	r3, r3, #2
  97 007a 1A44     		add	r2, r2, r3
  98 007c BB6A     		ldr	r3, [r7, #40]
  99 007e 1344     		add	r3, r3, r2
 100 0080 7A68     		ldr	r2, [r7, #4]
 101 0082 D278     		ldrb	r2, [r2, #3]	@ zero_extendqisi2
 102 0084 1344     		add	r3, r3, r2
 103 0086 013B     		subs	r3, r3, #1
 104 0088 7B62     		str	r3, [r7, #36]
 105 008a 7A6A     		ldr	r2, [r7, #36]
 106 008c 1346     		mov	r3, r2
 107 008e 5B00     		lsls	r3, r3, #1
 108 0090 1344     		add	r3, r3, r2
 109 0092 DB00     		lsls	r3, r3, #3
 110 0094 1A46     		mov	r2, r3
 111 0096 7B68     		ldr	r3, [r7, #4]
 112 0098 1B79     		ldrb	r3, [r3, #4]	@ zero_extendqisi2
 113 009a 1A44     		add	r2, r2, r3
 114 009c 1346     		mov	r3, r2
 115 009e 1B01     		lsls	r3, r3, #4
 116 00a0 9B1A     		subs	r3, r3, r2
 117 00a2 9B00     		lsls	r3, r3, #2
 118 00a4 1A46     		mov	r2, r3
 119 00a6 7B68     		ldr	r3, [r7, #4]
 120 00a8 5B79     		ldrb	r3, [r3, #5]	@ zero_extendqisi2
 121 00aa 1A44     		add	r2, r2, r3
 122 00ac 1346     		mov	r3, r2
 123 00ae 1B01     		lsls	r3, r3, #4
 124 00b0 9B1A     		subs	r3, r3, r2
 125 00b2 9B00     		lsls	r3, r3, #2
 126 00b4 1A46     		mov	r2, r3
 127 00b6 7B68     		ldr	r3, [r7, #4]
 128 00b8 9B79     		ldrb	r3, [r3, #6]	@ zero_extendqisi2
 129 00ba 1344     		add	r3, r3, r2
 130 00bc 7B62     		str	r3, [r7, #36]
 131 00be 7B6A     		ldr	r3, [r7, #36]
 132 00c0 1846     		mov	r0, r3
 133 00c2 3437     		adds	r7, r7, #52
 134 00c4 BD46     		mov	sp, r7
 135              		@ sp needed
 136 00c6 B0BC     		pop	{r4, r5, r7}
 137 00c8 7047     		bx	lr
 138              	.L9:
 139 00ca 00BF     		.align	2
 140              	.L8:
 141 00cc 00000000 		.word	.LC0
 143              		.section	.rodata
 144              		.align	2
 145              	.LC1:
 146 0018 1F       		.byte	31
 147 0019 1C       		.byte	28
 148 001a 1F       		.byte	31
 149 001b 1E       		.byte	30
 150 001c 1F       		.byte	31
 151 001d 1E       		.byte	30
 152 001e 1F       		.byte	31
 153 001f 1F       		.byte	31
 154 0020 1E       		.byte	30
 155 0021 1F       		.byte	31
 156 0022 1E       		.byte	30
 157 0023 1F       		.byte	31
 158              		.text
 159              		.align	1
 160              		.global	utime2dt
 161              		.syntax unified
 162              		.thumb
 163              		.thumb_func
 164              		.fpu softvfp
 166              	utime2dt:
 167              		@ args = 0, pretend = 0, frame = 24
 168              		@ frame_needed = 1, uses_anonymous_args = 0
 169              		@ link register save eliminated.
 170 00d0 80B4     		push	{r7}
 171 00d2 87B0     		sub	sp, sp, #28
 172 00d4 00AF     		add	r7, sp, #0
 173 00d6 7860     		str	r0, [r7, #4]
 174 00d8 3960     		str	r1, [r7]
 175 00da 514A     		ldr	r2, .L22
 176 00dc 07F10803 		add	r3, r7, #8
 177 00e0 07CA     		ldm	r2, {r0, r1, r2}
 178 00e2 83E80700 		stm	r3, {r0, r1, r2}
 179 00e6 3968     		ldr	r1, [r7]
 180 00e8 4E4B     		ldr	r3, .L22+4
 181 00ea A3FB0123 		umull	r2, r3, r3, r1
 182 00ee 5A09     		lsrs	r2, r3, #5
 183 00f0 1346     		mov	r3, r2
 184 00f2 1B01     		lsls	r3, r3, #4
 185 00f4 9B1A     		subs	r3, r3, r2
 186 00f6 9B00     		lsls	r3, r3, #2
 187 00f8 CA1A     		subs	r2, r1, r3
 188 00fa D2B2     		uxtb	r2, r2
 189 00fc 7B68     		ldr	r3, [r7, #4]
 190 00fe 9A71     		strb	r2, [r3, #6]
 191 0100 3B68     		ldr	r3, [r7]
 192 0102 484A     		ldr	r2, .L22+4
 193 0104 A2FB0323 		umull	r2, r3, r2, r3
 194 0108 5B09     		lsrs	r3, r3, #5
 195 010a 3B60     		str	r3, [r7]
 196 010c 3968     		ldr	r1, [r7]
 197 010e 454B     		ldr	r3, .L22+4
 198 0110 A3FB0123 		umull	r2, r3, r3, r1
 199 0114 5A09     		lsrs	r2, r3, #5
 200 0116 1346     		mov	r3, r2
 201 0118 1B01     		lsls	r3, r3, #4
 202 011a 9B1A     		subs	r3, r3, r2
 203 011c 9B00     		lsls	r3, r3, #2
 204 011e CA1A     		subs	r2, r1, r3
 205 0120 D2B2     		uxtb	r2, r2
 206 0122 7B68     		ldr	r3, [r7, #4]
 207 0124 5A71     		strb	r2, [r3, #5]
 208 0126 3B68     		ldr	r3, [r7]
 209 0128 3E4A     		ldr	r2, .L22+4
 210 012a A2FB0323 		umull	r2, r3, r2, r3
 211 012e 5B09     		lsrs	r3, r3, #5
 212 0130 3B60     		str	r3, [r7]
 213 0132 3968     		ldr	r1, [r7]
 214 0134 3C4B     		ldr	r3, .L22+8
 215 0136 A3FB0123 		umull	r2, r3, r3, r1
 216 013a 1A09     		lsrs	r2, r3, #4
 217 013c 1346     		mov	r3, r2
 218 013e 5B00     		lsls	r3, r3, #1
 219 0140 1344     		add	r3, r3, r2
 220 0142 DB00     		lsls	r3, r3, #3
 221 0144 CA1A     		subs	r2, r1, r3
 222 0146 D2B2     		uxtb	r2, r2
 223 0148 7B68     		ldr	r3, [r7, #4]
 224 014a 1A71     		strb	r2, [r3, #4]
 225 014c 3B68     		ldr	r3, [r7]
 226 014e 364A     		ldr	r2, .L22+8
 227 0150 A2FB0323 		umull	r2, r3, r2, r3
 228 0154 1B09     		lsrs	r3, r3, #4
 229 0156 3B60     		str	r3, [r7]
 230 0158 7B68     		ldr	r3, [r7, #4]
 231 015a 4622     		movs	r2, #70
 232 015c 1A80     		strh	r2, [r3]	@ movhi
 233 015e 09E0     		b	.L11
 234              	.L14:
 235 0160 7B68     		ldr	r3, [r7, #4]
 236 0162 1B88     		ldrh	r3, [r3]
 237 0164 0133     		adds	r3, r3, #1
 238 0166 9AB2     		uxth	r2, r3
 239 0168 7B68     		ldr	r3, [r7, #4]
 240 016a 1A80     		strh	r2, [r3]	@ movhi
 241 016c 7B69     		ldr	r3, [r7, #20]
 242 016e 3A68     		ldr	r2, [r7]
 243 0170 D31A     		subs	r3, r2, r3
 244 0172 3B60     		str	r3, [r7]
 245              	.L11:
 246 0174 7B68     		ldr	r3, [r7, #4]
 247 0176 1B88     		ldrh	r3, [r3]
 248 0178 03F00303 		and	r3, r3, #3
 249 017c 9BB2     		uxth	r3, r3
 250 017e 002B     		cmp	r3, #0
 251 0180 02D1     		bne	.L12
 252 0182 4FF4B773 		mov	r3, #366
 253 0186 01E0     		b	.L13
 254              	.L12:
 255 0188 40F26D13 		movw	r3, #365
 256              	.L13:
 257 018c 7B61     		str	r3, [r7, #20]
 258 018e 7B69     		ldr	r3, [r7, #20]
 259 0190 3A68     		ldr	r2, [r7]
 260 0192 9A42     		cmp	r2, r3
 261 0194 E4D2     		bcs	.L14
 262 0196 7B68     		ldr	r3, [r7, #4]
 263 0198 1B88     		ldrh	r3, [r3]
 264 019a 03F00303 		and	r3, r3, #3
 265 019e 9BB2     		uxth	r3, r3
 266 01a0 002B     		cmp	r3, #0
 267 01a2 01D1     		bne	.L15
 268 01a4 1D23     		movs	r3, #29
 269 01a6 00E0     		b	.L16
 270              	.L15:
 271 01a8 1C23     		movs	r3, #28
 272              	.L16:
 273 01aa 7B72     		strb	r3, [r7, #9]
 274 01ac 7B68     		ldr	r3, [r7, #4]
 275 01ae 0022     		movs	r2, #0
 276 01b0 9A70     		strb	r2, [r3, #2]
 277 01b2 0EE0     		b	.L17
 278              	.L18:
 279 01b4 7B68     		ldr	r3, [r7, #4]
 280 01b6 9B78     		ldrb	r3, [r3, #2]	@ zero_extendqisi2
 281 01b8 5A1C     		adds	r2, r3, #1
 282 01ba D1B2     		uxtb	r1, r2
 283 01bc 7A68     		ldr	r2, [r7, #4]
 284 01be 9170     		strb	r1, [r2, #2]
 285 01c0 07F11802 		add	r2, r7, #24
 286 01c4 1344     		add	r3, r3, r2
 287 01c6 13F8103C 		ldrb	r3, [r3, #-16]	@ zero_extendqisi2
 288 01ca 1A46     		mov	r2, r3
 289 01cc 3B68     		ldr	r3, [r7]
 290 01ce 9B1A     		subs	r3, r3, r2
 291 01d0 3B60     		str	r3, [r7]
 292              	.L17:
 293 01d2 7B68     		ldr	r3, [r7, #4]
 294 01d4 9B78     		ldrb	r3, [r3, #2]	@ zero_extendqisi2
 295 01d6 07F11802 		add	r2, r7, #24
 296 01da 1344     		add	r3, r3, r2
 297 01dc 13F8103C 		ldrb	r3, [r3, #-16]	@ zero_extendqisi2
 298 01e0 1A46     		mov	r2, r3
 299 01e2 3B68     		ldr	r3, [r7]
 300 01e4 9342     		cmp	r3, r2
 301 01e6 E5D2     		bcs	.L18
 302 01e8 7B68     		ldr	r3, [r7, #4]
 303 01ea 9B78     		ldrb	r3, [r3, #2]	@ zero_extendqisi2
 304 01ec 0133     		adds	r3, r3, #1
 305 01ee DAB2     		uxtb	r2, r3
 306 01f0 7B68     		ldr	r3, [r7, #4]
 307 01f2 9A70     		strb	r2, [r3, #2]
 308 01f4 3B68     		ldr	r3, [r7]
 309 01f6 DBB2     		uxtb	r3, r3
 310 01f8 0133     		adds	r3, r3, #1
 311 01fa DAB2     		uxtb	r2, r3
 312 01fc 7B68     		ldr	r3, [r7, #4]
 313 01fe DA70     		strb	r2, [r3, #3]
 314 0200 7B68     		ldr	r3, [r7, #4]
 315 0202 1B88     		ldrh	r3, [r3]
 316 0204 632B     		cmp	r3, #99
 317 0206 06D9     		bls	.L21
 318 0208 7B68     		ldr	r3, [r7, #4]
 319 020a 1B88     		ldrh	r3, [r3]
 320 020c 643B     		subs	r3, r3, #100
 321 020e 9AB2     		uxth	r2, r3
 322 0210 7B68     		ldr	r3, [r7, #4]
 323 0212 1A80     		strh	r2, [r3]	@ movhi
 324 0214 00BF     		nop
 325              	.L21:
 326 0216 00BF     		nop
 327 0218 1C37     		adds	r7, r7, #28
 328 021a BD46     		mov	sp, r7
 329              		@ sp needed
 330 021c 80BC     		pop	{r7}
 331 021e 7047     		bx	lr
 332              	.L23:
 333              		.align	2
 334              	.L22:
 335 0220 18000000 		.word	.LC1
 336 0224 89888888 		.word	-2004318071
 337 0228 ABAAAAAA 		.word	-1431655765
 339              		.align	1
 340              		.global	rtc_set
 341              		.syntax unified
 342              		.thumb
 343              		.thumb_func
 344              		.fpu softvfp
 346              	rtc_set:
 347              		@ args = 0, pretend = 0, frame = 8
 348              		@ frame_needed = 1, uses_anonymous_args = 0
 349 022c 80B5     		push	{r7, lr}
 350 022e 82B0     		sub	sp, sp, #8
 351 0230 00AF     		add	r7, sp, #0
 352 0232 7860     		str	r0, [r7, #4]
 353 0234 0120     		movs	r0, #1
 354 0236 FFF7FEFF 		bl	PWR_BackupAccessCmd
 355 023a FFF7FEFF 		bl	RTC_WaitForLastTask
 356 023e 7868     		ldr	r0, [r7, #4]
 357 0240 FFF7FEFF 		bl	RTC_SetCounter
 358 0244 FFF7FEFF 		bl	RTC_WaitForLastTask
 359 0248 0020     		movs	r0, #0
 360 024a FFF7FEFF 		bl	PWR_BackupAccessCmd
 361 024e 00BF     		nop
 362 0250 0837     		adds	r7, r7, #8
 363 0252 BD46     		mov	sp, r7
 364              		@ sp needed
 365 0254 80BD     		pop	{r7, pc}
 367              		.align	1
 368              		.global	rtc_init
 369              		.syntax unified
 370              		.thumb
 371              		.thumb_func
 372              		.fpu softvfp
 374              	rtc_init:
 375              		@ args = 0, pretend = 0, frame = 16
 376              		@ frame_needed = 1, uses_anonymous_args = 0
 377 0256 80B5     		push	{r7, lr}
 378 0258 84B0     		sub	sp, sp, #16
 379 025a 00AF     		add	r7, sp, #0
 380 025c 0121     		movs	r1, #1
 381 025e 4FF0C050 		mov	r0, #402653184
 382 0262 FFF7FEFF 		bl	RCC_APB1PeriphClockCmd
 383 0266 0023     		movs	r3, #0
 384 0268 FB81     		strh	r3, [r7, #14]	@ movhi
 385 026a 04E0     		b	.L26
 386              	.L27:
 387 026c FB89     		ldrh	r3, [r7, #14]	@ movhi
 388 026e 9BB2     		uxth	r3, r3
 389 0270 0133     		adds	r3, r3, #1
 390 0272 9BB2     		uxth	r3, r3
 391 0274 FB81     		strh	r3, [r7, #14]	@ movhi
 392              	.L26:
 393 0276 FB89     		ldrh	r3, [r7, #14]	@ movhi
 394 0278 9BB2     		uxth	r3, r3
 395 027a 41F28732 		movw	r2, #4999
 396 027e 9342     		cmp	r3, r2
 397 0280 F4D9     		bls	.L27
 398 0282 0420     		movs	r0, #4
 399 0284 FFF7FEFF 		bl	BKP_ReadBackupRegister
 400 0288 0346     		mov	r3, r0
 401 028a 1A46     		mov	r2, r3
 402 028c 4AF2A853 		movw	r3, #42408
 403 0290 9A42     		cmp	r2, r3
 404 0292 3CD0     		beq	.L28
 405 0294 0120     		movs	r0, #1
 406 0296 FFF7FEFF 		bl	PWR_BackupAccessCmd
 407 029a FFF7FEFF 		bl	BKP_DeInit
 408 029e 0120     		movs	r0, #1
 409 02a0 FFF7FEFF 		bl	RCC_LSEConfig
 410 02a4 00BF     		nop
 411              	.L29:
 412 02a6 4120     		movs	r0, #65
 413 02a8 FFF7FEFF 		bl	RCC_GetFlagStatus
 414 02ac 0346     		mov	r3, r0
 415 02ae 002B     		cmp	r3, #0
 416 02b0 F9D0     		beq	.L29
 417 02b2 4FF48070 		mov	r0, #256
 418 02b6 FFF7FEFF 		bl	RCC_RTCCLKConfig
 419 02ba 0120     		movs	r0, #1
 420 02bc FFF7FEFF 		bl	RCC_RTCCLKCmd
 421 02c0 FFF7FEFF 		bl	RTC_WaitForSynchro
 422 02c4 FFF7FEFF 		bl	RTC_WaitForLastTask
 423 02c8 47F6FF70 		movw	r0, #32767
 424 02cc FFF7FEFF 		bl	RTC_SetPrescaler
 425 02d0 FFF7FEFF 		bl	RTC_WaitForLastTask
 426 02d4 0E23     		movs	r3, #14
 427 02d6 BB80     		strh	r3, [r7, #4]	@ movhi
 428 02d8 0223     		movs	r3, #2
 429 02da BB71     		strb	r3, [r7, #6]
 430 02dc 0E23     		movs	r3, #14
 431 02de FB71     		strb	r3, [r7, #7]
 432 02e0 0923     		movs	r3, #9
 433 02e2 3B72     		strb	r3, [r7, #8]
 434 02e4 0023     		movs	r3, #0
 435 02e6 7B72     		strb	r3, [r7, #9]
 436 02e8 3B1D     		adds	r3, r7, #4
 437 02ea 1846     		mov	r0, r3
 438 02ec FFF7FEFF 		bl	dt2utime
 439 02f0 0346     		mov	r3, r0
 440 02f2 1846     		mov	r0, r3
 441 02f4 FFF7FEFF 		bl	RTC_SetCounter
 442 02f8 FFF7FEFF 		bl	RTC_WaitForLastTask
 443 02fc 4AF2A851 		movw	r1, #42408
 444 0300 0420     		movs	r0, #4
 445 0302 FFF7FEFF 		bl	BKP_WriteBackupRegister
 446 0306 0020     		movs	r0, #0
 447 0308 FFF7FEFF 		bl	PWR_BackupAccessCmd
 448 030c 01E0     		b	.L30
 449              	.L28:
 450 030e FFF7FEFF 		bl	RTC_WaitForSynchro
 451              	.L30:
 452 0312 0023     		movs	r3, #0
 453 0314 1846     		mov	r0, r3
 454 0316 1037     		adds	r7, r7, #16
 455 0318 BD46     		mov	sp, r7
 456              		@ sp needed
 457 031a 80BD     		pop	{r7, pc}
 459              		.ident	"GCC: (GNU Tools for Arm Embedded Processors 7-2017-q4-major) 7.2.1 20170904 (release) [ARM
DEFINED SYMBOLS
                            *ABS*:0000000000000000 rtc.c
     /tmp/ccDuFDso.s:13     .rodata:0000000000000000 $d
     /tmp/ccDuFDso.s:28     .text:0000000000000000 $t
     /tmp/ccDuFDso.s:35     .text:0000000000000000 dt2utime
     /tmp/ccDuFDso.s:141    .text:00000000000000cc $d
     /tmp/ccDuFDso.s:159    .text:00000000000000d0 $t
     /tmp/ccDuFDso.s:166    .text:00000000000000d0 utime2dt
     /tmp/ccDuFDso.s:335    .text:0000000000000220 $d
     /tmp/ccDuFDso.s:339    .text:000000000000022c $t
     /tmp/ccDuFDso.s:346    .text:000000000000022c rtc_set
     /tmp/ccDuFDso.s:374    .text:0000000000000256 rtc_init

UNDEFINED SYMBOLS
PWR_BackupAccessCmd
RTC_WaitForLastTask
RTC_SetCounter
RCC_APB1PeriphClockCmd
BKP_ReadBackupRegister
BKP_DeInit
RCC_LSEConfig
RCC_GetFlagStatus
RCC_RTCCLKConfig
RCC_RTCCLKCmd
RTC_WaitForSynchro
RTC_SetPrescaler
BKP_WriteBackupRegister
